Using alpaka accelerator: AccOmp5<1,unsigned long>

DEVID: 0 SGN:1 ConstWGSize:256  args: 9 teamsXthrds:(   1X 256) reqd:(   1X   0) lds_usage:58248B sgpr_count:49 vgpr_count:26 sgpr_spill_count:0 vgpr_spill_count:0 tripcount:483 n:__omp_offloading_802_a0677__ZNK6alpaka14TaskKernelOmp5ISt17integral_constantImLm1EEm15VectorAddKernelJPjS4_S4_RKmEEclERKNS_7DevOmp5E_l139

Time for kernel execution: 0.00511461s

Time for HtoD copy: 0.000118774s

C[8] == 0 != 52

C[9] == 0 != 52

C[10] == 0 != 49

C[11] == 0 != 48

C[12] == 0 != 23

C[13] == 0 != 46

C[14] == 0 != 45

C[15] == 0 != 55

C[16] == 0 != 81

C[17] == 0 != 57

C[18] == 0 != 40

C[19] == 0 != 38

C[20] == 0 != 55

C[21] == 0 != 24

C[22] == 0 != 71

C[23] == 0 != 56

C[24] == 0 != 21

C[25] == 0 != 28

C[26] == 0 != 65

C[27] == 0 != 48

Found 119592 false results, printed no more than 20

Execution results incorrect!


