'+atomic-fadd-insts' is not a recognized feature for this target (ignoring feature)

'+atomic-fadd-insts' is not a recognized feature for this target (ignoring feature)

/home/kelling/checkout/llvm/llvm-project/install/bin/clang-linker-wrapper: error: local memory (646984) exceeds limit (65536) in function '__omp_offloading_802_a0677__ZNK6alpaka14TaskKernelOmp5ISt17integral_constantImLm1EElNS_12MemSetKernelEJRKhPhRNS_3VecIS2_lEES9_EEclERKNS_7DevOmp5E_l139'

/home/kelling/checkout/llvm/llvm-project/install/bin/clang-linker-wrapper: error: local memory (598776) exceeds limit (65536) in function '__omp_offloading_802_a0677__ZNK6alpaka14TaskKernelOmp5ISt17integral_constantImLm0EEl19BlockSyncTestKernelJPbEEclERKNS_7DevOmp5E_l139'

/home/kelling/checkout/llvm/llvm-project/install/bin/clang-linker-wrapper: error: local memory (646984) exceeds limit (65536) in function '__omp_offloading_802_a0677__ZNK6alpaka14TaskKernelOmp5ISt17integral_constantImLm1EEl19BlockSyncTestKernelJPbEEclERKNS_7DevOmp5E_l139'

/home/kelling/checkout/llvm/llvm-project/install/bin/clang-linker-wrapper: error: local memory (647016) exceeds limit (65536) in function '__omp_offloading_802_a0677__ZNK6alpaka14TaskKernelOmp5ISt17integral_constantImLm2EEl19BlockSyncTestKernelJPbEEclERKNS_7DevOmp5E_l139'

/home/kelling/checkout/llvm/llvm-project/install/bin/clang-linker-wrapper: error: local memory (647032) exceeds limit (65536) in function '__omp_offloading_802_a0677__ZNK6alpaka14TaskKernelOmp5ISt17integral_constantImLm3EEl19BlockSyncTestKernelJPbEEclERKNS_7DevOmp5E_l139'

/home/kelling/checkout/llvm/llvm-project/install/bin/clang-linker-wrapper: error: local memory (647064) exceeds limit (65536) in function '__omp_offloading_802_a0677__ZNK6alpaka14TaskKernelOmp5ISt17integral_constantImLm4EEl19BlockSyncTestKernelJPbEEclERKNS_7DevOmp5E_l139'

/home/kelling/checkout/llvm/llvm-project/install/bin/clang-linker-wrapper: error: local memory (646984) exceeds limit (65536) in function '__omp_offloading_802_a0677__ZNK6alpaka14TaskKernelOmp5ISt17integral_constantImLm1EEmNS_12MemSetKernelEJRKhPhRNS_3VecIS2_mEES9_EEclERKNS_7DevOmp5E_l139'

/home/kelling/checkout/llvm/llvm-project/install/bin/clang-linker-wrapper: error: local memory (598776) exceeds limit (65536) in function '__omp_offloading_802_a0677__ZNK6alpaka14TaskKernelOmp5ISt17integral_constantImLm0EEm19BlockSyncTestKernelJPbEEclERKNS_7DevOmp5E_l139'

/home/kelling/checkout/llvm/llvm-project/install/bin/clang-linker-wrapper: error: local memory (646984) exceeds limit (65536) in function '__omp_offloading_802_a0677__ZNK6alpaka14TaskKernelOmp5ISt17integral_constantImLm1EEm19BlockSyncTestKernelJPbEEclERKNS_7DevOmp5E_l139'

/home/kelling/checkout/llvm/llvm-project/install/bin/clang-linker-wrapper: error: local memory (647016) exceeds limit (65536) in function '__omp_offloading_802_a0677__ZNK6alpaka14TaskKernelOmp5ISt17integral_constantImLm2EEm19BlockSyncTestKernelJPbEEclERKNS_7DevOmp5E_l139'

/home/kelling/checkout/llvm/llvm-project/install/bin/clang-linker-wrapper: error: local memory (647032) exceeds limit (65536) in function '__omp_offloading_802_a0677__ZNK6alpaka14TaskKernelOmp5ISt17integral_constantImLm3EEm19BlockSyncTestKernelJPbEEclERKNS_7DevOmp5E_l139'

/home/kelling/checkout/llvm/llvm-project/install/bin/clang-linker-wrapper: error: local memory (647064) exceeds limit (65536) in function '__omp_offloading_802_a0677__ZNK6alpaka14TaskKernelOmp5ISt17integral_constantImLm4EEm19BlockSyncTestKernelJPbEEclERKNS_7DevOmp5E_l139'

/home/kelling/checkout/llvm/llvm-project/install/bin/clang-linker-wrapper: error: local memory (646968) exceeds limit (65536) in function '__omp_offloading_802_a0677__ZNK6alpaka14TaskKernelOmp5ISt17integral_constantImLm1EEiNS_12MemSetKernelEJRKhPhRNS_3VecIS2_iEES9_EEclERKNS_7DevOmp5E_l139'

/home/kelling/checkout/llvm/llvm-project/install/bin/clang-linker-wrapper: error: local memory (598776) exceeds limit (65536) in function '__omp_offloading_802_a0677__ZNK6alpaka14TaskKernelOmp5ISt17integral_constantImLm0EEi19BlockSyncTestKernelJPbEEclERKNS_7DevOmp5E_l139'

/home/kelling/checkout/llvm/llvm-project/install/bin/clang-linker-wrapper: error: local memory (646968) exceeds limit (65536) in function '__omp_offloading_802_a0677__ZNK6alpaka14TaskKernelOmp5ISt17integral_constantImLm1EEi19BlockSyncTestKernelJPbEEclERKNS_7DevOmp5E_l139'

/home/kelling/checkout/llvm/llvm-project/install/bin/clang-linker-wrapper: error: local memory (646984) exceeds limit (65536) in function '__omp_offloading_802_a0677__ZNK6alpaka14TaskKernelOmp5ISt17integral_constantImLm2EEi19BlockSyncTestKernelJPbEEclERKNS_7DevOmp5E_l139'

/home/kelling/checkout/llvm/llvm-project/install/bin/clang-linker-wrapper: error: local memory (647000) exceeds limit (65536) in function '__omp_offloading_802_a0677__ZNK6alpaka14TaskKernelOmp5ISt17integral_constantImLm3EEi19BlockSyncTestKernelJPbEEclERKNS_7DevOmp5E_l139'

/home/kelling/checkout/llvm/llvm-project/install/bin/clang-linker-wrapper: error: local memory (647016) exceeds limit (65536) in function '__omp_offloading_802_a0677__ZNK6alpaka14TaskKernelOmp5ISt17integral_constantImLm4EEi19BlockSyncTestKernelJPbEEclERKNS_7DevOmp5E_l139'

/home/kelling/checkout/llvm/llvm-project/install/bin/clang-linker-wrapper: error: local memory (646968) exceeds limit (65536) in function '__omp_offloading_802_a0677__ZNK6alpaka14TaskKernelOmp5ISt17integral_constantImLm1EEjNS_12MemSetKernelEJRKhPhRNS_3VecIS2_jEES9_EEclERKNS_7DevOmp5E_l139'

/home/kelling/checkout/llvm/llvm-project/install/bin/clang-linker-wrapper: error: local memory (598776) exceeds limit (65536) in function '__omp_offloading_802_a0677__ZNK6alpaka14TaskKernelOmp5ISt17integral_constantImLm0EEj19BlockSyncTestKernelJPbEEclERKNS_7DevOmp5E_l139'

/home/kelling/checkout/llvm/llvm-project/install/bin/clang-linker-wrapper: error: local memory (646968) exceeds limit (65536) in function '__omp_offloading_802_a0677__ZNK6alpaka14TaskKernelOmp5ISt17integral_constantImLm1EEj19BlockSyncTestKernelJPbEEclERKNS_7DevOmp5E_l139'

/home/kelling/checkout/llvm/llvm-project/install/bin/clang-linker-wrapper: error: local memory (646984) exceeds limit (65536) in function '__omp_offloading_802_a0677__ZNK6alpaka14TaskKernelOmp5ISt17integral_constantImLm2EEj19BlockSyncTestKernelJPbEEclERKNS_7DevOmp5E_l139'

/home/kelling/checkout/llvm/llvm-project/install/bin/clang-linker-wrapper: error: local memory (647000) exceeds limit (65536) in function '__omp_offloading_802_a0677__ZNK6alpaka14TaskKernelOmp5ISt17integral_constantImLm3EEj19BlockSyncTestKernelJPbEEclERKNS_7DevOmp5E_l139'

/home/kelling/checkout/llvm/llvm-project/install/bin/clang-linker-wrapper: error: local memory (647016) exceeds limit (65536) in function '__omp_offloading_802_a0677__ZNK6alpaka14TaskKernelOmp5ISt17integral_constantImLm4EEj19BlockSyncTestKernelJPbEEclERKNS_7DevOmp5E_l139'

/home/kelling/checkout/llvm/llvm-project/install/bin/clang-linker-wrapper: error: local memory (637184) exceeds limit (65536) in function '__omp_offloading_802_a0677__ZNK6alpaka14TaskKernelOmp5ISt17integral_constantImLm0EEl28BlockSyncPredicateTestKernelJPbEEclERKNS_7DevOmp5E_l139'

/home/kelling/checkout/llvm/llvm-project/install/bin/clang-linker-wrapper: error: local memory (637184) exceeds limit (65536) in function '__omp_offloading_802_a0677__ZNK6alpaka14TaskKernelOmp5ISt17integral_constantImLm1EEl28BlockSyncPredicateTestKernelJPbEEclERKNS_7DevOmp5E_l139'

/home/kelling/checkout/llvm/llvm-project/install/bin/clang-linker-wrapper: error: local memory (588968) exceeds limit (65536) in function '__omp_offloading_802_a0677__ZNK6alpaka14TaskKernelOmp5ISt17integral_constantImLm2EEl28BlockSyncPredicateTestKernelJPbEEclERKNS_7DevOmp5E_l139'

/home/kelling/checkout/llvm/llvm-project/install/bin/clang-linker-wrapper: error: local memory (588968) exceeds limit (65536) in function '__omp_offloading_802_a0677__ZNK6alpaka14TaskKernelOmp5ISt17integral_constantImLm3EEl28BlockSyncPredicateTestKernelJPbEEclERKNS_7DevOmp5E_l139'

/home/kelling/checkout/llvm/llvm-project/install/bin/clang-linker-wrapper: error: local memory (588968) exceeds limit (65536) in function '__omp_offloading_802_a0677__ZNK6alpaka14TaskKernelOmp5ISt17integral_constantImLm4EEl28BlockSyncPredicateTestKernelJPbEEclERKNS_7DevOmp5E_l139'

/home/kelling/checkout/llvm/llvm-project/install/bin/clang-linker-wrapper: error: local memory (637184) exceeds limit (65536) in function '__omp_offloading_802_a0677__ZNK6alpaka14TaskKernelOmp5ISt17integral_constantImLm0EEm28BlockSyncPredicateTestKernelJPbEEclERKNS_7DevOmp5E_l139'

/home/kelling/checkout/llvm/llvm-project/install/bin/clang-linker-wrapper: error: local memory (637184) exceeds limit (65536) in function '__omp_offloading_802_a0677__ZNK6alpaka14TaskKernelOmp5ISt17integral_constantImLm1EEm28BlockSyncPredicateTestKernelJPbEEclERKNS_7DevOmp5E_l139'

/home/kelling/checkout/llvm/llvm-project/install/bin/clang-linker-wrapper: error: local memory (588968) exceeds limit (65536) in function '__omp_offloading_802_a0677__ZNK6alpaka14TaskKernelOmp5ISt17integral_constantImLm2EEm28BlockSyncPredicateTestKernelJPbEEclERKNS_7DevOmp5E_l139'

/home/kelling/checkout/llvm/llvm-project/install/bin/clang-linker-wrapper: error: local memory (588968) exceeds limit (65536) in function '__omp_offloading_802_a0677__ZNK6alpaka14TaskKernelOmp5ISt17integral_constantImLm3EEm28BlockSyncPredicateTestKernelJPbEEclERKNS_7DevOmp5E_l139'

/home/kelling/checkout/llvm/llvm-project/install/bin/clang-linker-wrapper: error: local memory (588968) exceeds limit (65536) in function '__omp_offloading_802_a0677__ZNK6alpaka14TaskKernelOmp5ISt17integral_constantImLm4EEm28BlockSyncPredicateTestKernelJPbEEclERKNS_7DevOmp5E_l139'

/home/kelling/checkout/llvm/llvm-project/install/bin/clang-linker-wrapper: error: local memory (637168) exceeds limit (65536) in function '__omp_offloading_802_a0677__ZNK6alpaka14TaskKernelOmp5ISt17integral_constantImLm0EEi28BlockSyncPredicateTestKernelJPbEEclERKNS_7DevOmp5E_l139'

/home/kelling/checkout/llvm/llvm-project/install/bin/clang-linker-wrapper: error: local memory (637168) exceeds limit (65536) in function '__omp_offloading_802_a0677__ZNK6alpaka14TaskKernelOmp5ISt17integral_constantImLm1EEi28BlockSyncPredicateTestKernelJPbEEclERKNS_7DevOmp5E_l139'

/home/kelling/checkout/llvm/llvm-project/install/bin/clang-linker-wrapper: error: local memory (588968) exceeds limit (65536) in function '__omp_offloading_802_a0677__ZNK6alpaka14TaskKernelOmp5ISt17integral_constantImLm2EEi28BlockSyncPredicateTestKernelJPbEEclERKNS_7DevOmp5E_l139'

/home/kelling/checkout/llvm/llvm-project/install/bin/clang-linker-wrapper: error: local memory (588968) exceeds limit (65536) in function '__omp_offloading_802_a0677__ZNK6alpaka14TaskKernelOmp5ISt17integral_constantImLm3EEi28BlockSyncPredicateTestKernelJPbEEclERKNS_7DevOmp5E_l139'

/home/kelling/checkout/llvm/llvm-project/install/bin/clang-linker-wrapper: error: local memory (588968) exceeds limit (65536) in function '__omp_offloading_802_a0677__ZNK6alpaka14TaskKernelOmp5ISt17integral_constantImLm4EEi28BlockSyncPredicateTestKernelJPbEEclERKNS_7DevOmp5E_l139'

/home/kelling/checkout/llvm/llvm-project/install/bin/clang-linker-wrapper: error: local memory (637168) exceeds limit (65536) in function '__omp_offloading_802_a0677__ZNK6alpaka14TaskKernelOmp5ISt17integral_constantImLm0EEj28BlockSyncPredicateTestKernelJPbEEclERKNS_7DevOmp5E_l139'

/home/kelling/checkout/llvm/llvm-project/install/bin/clang-linker-wrapper: error: local memory (637168) exceeds limit (65536) in function '__omp_offloading_802_a0677__ZNK6alpaka14TaskKernelOmp5ISt17integral_constantImLm1EEj28BlockSyncPredicateTestKernelJPbEEclERKNS_7DevOmp5E_l139'

/home/kelling/checkout/llvm/llvm-project/install/bin/clang-linker-wrapper: error: local memory (588968) exceeds limit (65536) in function '__omp_offloading_802_a0677__ZNK6alpaka14TaskKernelOmp5ISt17integral_constantImLm2EEj28BlockSyncPredicateTestKernelJPbEEclERKNS_7DevOmp5E_l139'

/home/kelling/checkout/llvm/llvm-project/install/bin/clang-linker-wrapper: error: local memory (588968) exceeds limit (65536) in function '__omp_offloading_802_a0677__ZNK6alpaka14TaskKernelOmp5ISt17integral_constantImLm3EEj28BlockSyncPredicateTestKernelJPbEEclERKNS_7DevOmp5E_l139'

/home/kelling/checkout/llvm/llvm-project/install/bin/clang-linker-wrapper: error: local memory (588968) exceeds limit (65536) in function '__omp_offloading_802_a0677__ZNK6alpaka14TaskKernelOmp5ISt17integral_constantImLm4EEj28BlockSyncPredicateTestKernelJPbEEclERKNS_7DevOmp5E_l139'

/home/kelling/checkout/llvm/llvm-project/install/bin/clang-linker-wrapper: error: Errors encountered inside the LTO pipeline.

clang-16: error: linker command failed with exit code 1 (use -v to see invocation)

test/unit/block/sync/CMakeFiles/blockSyncTest.dir/build.make:116: recipe for target 'test/unit/block/sync/blockSyncTest' failed

make[2]: *** [test/unit/block/sync/blockSyncTest] Error 1

make[2]: Target 'test/unit/block/sync/CMakeFiles/blockSyncTest.dir/build' not remade because of errors.

CMakeFiles/Makefile2:2521: recipe for target 'test/unit/block/sync/CMakeFiles/blockSyncTest.dir/all' failed

make[1]: *** [test/unit/block/sync/CMakeFiles/blockSyncTest.dir/all] Error 2
